<?xml version="1.0" encoding="UTF-8"?>
<!-- Generated by org.testng.reporters.JUnitReportReporter -->
<testsuite hostname="DESKTOP-T3G1OIH" failures="0" tests="2" name="TestNG.Homework2$Test1" time="0.023" errors="0" timestamp="2023-05-26T22:43:29 IST" skipped="0">
  <testcase classname="TestNG.Homework2$Test1" name="a4" time="0.022"/>
  <system-out>
    <![CDATA[M4 is running]]>
  </system-out>
  <testcase classname="TestNG.Homework2$Test1" name="a5" time="0.001"/>
  <system-out>
    <![CDATA[M5 is running]]>
  </system-out>
</testsuite> <!-- TestNG.Homework2$Test1 -->
