<?xml version="1.0" encoding="UTF-8"?>
<!-- Generated by org.testng.reporters.JUnitReportReporter -->
<testsuite hostname="DESKTOP-T3G1OIH" failures="0" tests="11" name="TestNG.Sample4" time="0.052" errors="0" timestamp="2023-05-16T23:24:36 IST" skipped="0">
  <testcase classname="TestNG.Sample4" name="m1" time="0.025"/>
  <system-out>
    <![CDATA[M1 is rinning]]>
  </system-out>
  <testcase classname="TestNG.Sample4" name="m2" time="0.002"/>
  <system-out>
    <![CDATA[M2 is running]]>
  </system-out>
  <testcase classname="TestNG.Sample4" name="m1" time="0.002"/>
  <system-out>
    <![CDATA[M1 is rinning]]>
  </system-out>
  <testcase classname="TestNG.Sample4" name="m1" time="0.008"/>
  <system-out>
    <![CDATA[M1 is rinning]]>
  </system-out>
  <testcase classname="TestNG.Sample4" name="m1" time="0.002"/>
  <system-out>
    <![CDATA[M1 is rinning]]>
  </system-out>
  <testcase classname="TestNG.Sample4" name="m1" time="0.001"/>
  <system-out>
    <![CDATA[M1 is rinning]]>
  </system-out>
  <testcase classname="TestNG.Sample4" name="m1" time="0.002"/>
  <system-out>
    <![CDATA[M1 is rinning]]>
  </system-out>
  <testcase classname="TestNG.Sample4" name="m1" time="0.003"/>
  <system-out>
    <![CDATA[M1 is rinning]]>
  </system-out>
  <testcase classname="TestNG.Sample4" name="m1" time="0.002"/>
  <system-out>
    <![CDATA[M1 is rinning]]>
  </system-out>
  <testcase classname="TestNG.Sample4" name="m1" time="0.002"/>
  <system-out>
    <![CDATA[M1 is rinning]]>
  </system-out>
  <testcase classname="TestNG.Sample4" name="m1" time="0.003"/>
  <system-out>
    <![CDATA[M1 is rinning]]>
  </system-out>
</testsuite> <!-- TestNG.Sample4 -->
