<?xml version="1.0" encoding="UTF-8"?>
<!-- Generated by org.testng.reporters.JUnitReportReporter -->
<testsuite hostname="DESKTOP-T3G1OIH" failures="0" tests="3" name="TestNG.Sample3" time="0.031" errors="0" timestamp="2023-05-15T15:53:57 IST" skipped="0">
  <testcase classname="TestNG.Sample3" name="AddStockWatchlist" time="0.020"/>
  <system-out>
    <![CDATA[Stock is added]]>
  </system-out>
  <testcase classname="TestNG.Sample3" name="ValidateUserName" time="0.007"/>
  <system-out>
    <![CDATA[-------Test Is pass Name is Matching---------]]>
  </system-out>
  <testcase classname="TestNG.Sample3" name="VerifyPN" time="0.004"/>
  <system-out>
    <![CDATA[----Test is pass---]]>
  </system-out>
</testsuite> <!-- TestNG.Sample3 -->
