<?xml version="1.0" encoding="UTF-8"?>
<!-- Generated by org.testng.reporters.JUnitReportReporter -->
<testsuite hostname="DESKTOP-T3G1OIH" failures="0" tests="5" name="TestNG.Sample1" time="0.030" errors="0" timestamp="2023-05-29T00:29:48 IST" skipped="0">
  <testcase classname="TestNG.Sample1" name="m3" time="0.004"/>
  <system-out/>
  <testcase classname="TestNG.Sample1" name="m5" time="0.002"/>
  <system-out/>
  <testcase classname="TestNG.Sample1" name="m1" time="0.020"/>
  <system-out/>
  <testcase classname="TestNG.Sample1" name="m4" time="0.002"/>
  <system-out/>
  <testcase classname="TestNG.Sample1" name="m2" time="0.002"/>
  <system-out/>
</testsuite> <!-- TestNG.Sample1 -->
