<?xml version="1.0" encoding="UTF-8"?>
<!-- Generated by org.testng.reporters.JUnitReportReporter -->
<testsuite hostname="DESKTOP-T3G1OIH" failures="0" tests="6" name="TestNG.Keyword_Priority" time="0.040" errors="0" timestamp="2023-05-17T00:25:37 IST" skipped="0">
  <testcase classname="TestNG.Keyword_Priority" name="m2" time="0.022"/>
  <system-out>
    <![CDATA[M2 is running]]>
  </system-out>
  <testcase classname="TestNG.Keyword_Priority" name="m4" time="0.005"/>
  <system-out>
    <![CDATA[M4 is running]]>
  </system-out>
  <testcase classname="TestNG.Keyword_Priority" name="m5" time="0.003"/>
  <system-out>
    <![CDATA[M5 is running]]>
  </system-out>
  <testcase classname="TestNG.Keyword_Priority" name="m3" time="0.002"/>
  <system-out>
    <![CDATA[M3 is running]]>
  </system-out>
  <testcase classname="TestNG.Keyword_Priority" name="m1" time="0.005"/>
  <system-out>
    <![CDATA[M1 is running]]>
  </system-out>
  <testcase classname="TestNG.Keyword_Priority" name="m6" time="0.003"/>
  <system-out>
    <![CDATA[M6 is running]]>
  </system-out>
</testsuite> <!-- TestNG.Keyword_Priority -->
