<?xml version="1.0" encoding="UTF-8"?>
<!-- Generated by org.testng.reporters.JUnitReportReporter -->
<testsuite hostname="DESKTOP-T3G1OIH" failures="0" tests="1" name="TestNG.Sample2" time="0.024" errors="0" timestamp="2023-05-15T15:37:24 IST" skipped="0">
  <testcase classname="TestNG.Sample2" name="VerifyPN" time="0.024"/>
  <system-out>
    <![CDATA[---Test is pass---]]>
  </system-out>
</testsuite> <!-- TestNG.Sample2 -->
